Flow report for EnhancedProcessor
Sun Dec 02 18:25:49 2018
Quartus Prime Version 18.1.0 Build 625 09/12/2018 SJ Lite Edition


---------------------
; Table of Contents ;
---------------------
  1. Legal Notice
  2. Flow Summary
  3. Flow Settings
  4. Flow Non-Default Global Settings
  5. Flow Elapsed Time
  6. Flow OS Summary
  7. Flow Log
  8. Flow Messages
  9. Flow Suppressed Messages



----------------
; Legal Notice ;
----------------
Copyright (C) 2018  Intel Corporation. All rights reserved.
Your use of Intel Corporation's design tools, logic functions 
and other software and tools, and its AMPP partner logic 
functions, and any output files from any of the foregoing 
(including device programming or simulation files), and any 
associated documentation or information are expressly subject 
to the terms and conditions of the Intel Program License 
Subscription Agreement, the Intel Quartus Prime License Agreement,
the Intel FPGA IP License Agreement, or other applicable license
agreement, including, without limitation, that your use is for
the sole purpose of programming logic devices manufactured by
Intel and sold by Intel or its authorized distributors.  Please
refer to the applicable agreement for further details.



+-------------------------------------------------------------------------------+
; Flow Summary                                                                  ;
+---------------------------------+---------------------------------------------+
; Flow Status                     ; Successful - Sun Dec 02 18:25:49 2018       ;
; Quartus Prime Version           ; 18.1.0 Build 625 09/12/2018 SJ Lite Edition ;
; Revision Name                   ; EnhancedProcessor                           ;
; Top-level Entity Name           ; enhanced_processor_top                      ;
; Family                          ; Cyclone V                                   ;
; Device                          ; 5CGXFC7C7F23C8                              ;
; Timing Models                   ; Final                                       ;
; Logic utilization (in ALMs)     ; 133 / 56,480 ( < 1 % )                      ;
; Total registers                 ; 154                                         ;
; Total pins                      ; 13 / 268 ( 5 % )                            ;
; Total virtual pins              ; 0                                           ;
; Total block memory bits         ; 1,152 / 7,024,640 ( < 1 % )                 ;
; Total DSP Blocks                ; 0 / 156 ( 0 % )                             ;
; Total HSSI RX PCSs              ; 0 / 6 ( 0 % )                               ;
; Total HSSI PMA RX Deserializers ; 0 / 6 ( 0 % )                               ;
; Total HSSI TX PCSs              ; 0 / 6 ( 0 % )                               ;
; Total HSSI PMA TX Serializers   ; 0 / 6 ( 0 % )                               ;
; Total PLLs                      ; 0 / 13 ( 0 % )                              ;
; Total DLLs                      ; 0 / 4 ( 0 % )                               ;
+---------------------------------+---------------------------------------------+


+-----------------------------------------+
; Flow Settings                           ;
+-------------------+---------------------+
; Option            ; Setting             ;
+-------------------+---------------------+
; Start date & time ; 12/02/2018 18:23:43 ;
; Main task         ; Compilation         ;
; Revision Name     ; EnhancedProcessor   ;
+-------------------+---------------------+


+--------------------------------------------------------------------------------------------------------------------------------------------+
; Flow Non-Default Global Settings                                                                                                           ;
+-------------------------------------+----------------------------------------+-------------------+------------------------+----------------+
; Assignment Name                     ; Value                                  ; Default Value     ; Entity Name            ; Section Id     ;
+-------------------------------------+----------------------------------------+-------------------+------------------------+----------------+
; COMPILER_SIGNATURE_ID               ; 10995770589200.154380382216208         ; --                ; --                     ; --             ;
; EDA_OUTPUT_DATA_FORMAT              ; Verilog Hdl                            ; --                ; --                     ; eda_simulation ;
; EDA_SIMULATION_TOOL                 ; ModelSim-Altera (Verilog)              ; <None>            ; --                     ; --             ;
; EDA_TIME_SCALE                      ; 1 ps                                   ; --                ; --                     ; eda_simulation ;
; MAX_CORE_JUNCTION_TEMP              ; 85                                     ; --                ; --                     ; --             ;
; MIN_CORE_JUNCTION_TEMP              ; 0                                      ; --                ; --                     ; --             ;
; MISC_FILE                           ; counterlpm_inst.v                      ; --                ; --                     ; --             ;
; MISC_FILE                           ; counterlpm_bb.v                        ; --                ; --                     ; --             ;
; MISC_FILE                           ; sram_1p_inst.v                         ; --                ; --                     ; --             ;
; MISC_FILE                           ; sram_1p_bb.v                           ; --                ; --                     ; --             ;
; PARTITION_COLOR                     ; -- (Not supported for targeted family) ; --                ; enhanced_processor_top ; Top            ;
; PARTITION_FITTER_PRESERVATION_LEVEL ; -- (Not supported for targeted family) ; --                ; enhanced_processor_top ; Top            ;
; PARTITION_NETLIST_TYPE              ; -- (Not supported for targeted family) ; --                ; enhanced_processor_top ; Top            ;
; POWER_BOARD_THERMAL_MODEL           ; None (CONSERVATIVE)                    ; --                ; --                     ; --             ;
; POWER_PRESET_COOLING_SOLUTION       ; 23 MM HEAT SINK WITH 200 LFPM AIRFLOW  ; --                ; --                     ; --             ;
; PROJECT_OUTPUT_DIRECTORY            ; output_files                           ; --                ; --                     ; --             ;
; TOP_LEVEL_ENTITY                    ; enhanced_processor_top                 ; EnhancedProcessor ; --                     ; --             ;
+-------------------------------------+----------------------------------------+-------------------+------------------------+----------------+


+--------------------------------------------------------------------------------------------------------------------------+
; Flow Elapsed Time                                                                                                        ;
+----------------------+--------------+-------------------------+---------------------+------------------------------------+
; Module Name          ; Elapsed Time ; Average Processors Used ; Peak Virtual Memory ; Total CPU Time (on all processors) ;
+----------------------+--------------+-------------------------+---------------------+------------------------------------+
; Analysis & Synthesis ; 00:00:22     ; 1.0                     ; 4856 MB             ; 00:00:47                           ;
; Fitter               ; 00:01:04     ; 1.0                     ; 6845 MB             ; 00:02:10                           ;
; Assembler            ; 00:00:15     ; 1.0                     ; 4849 MB             ; 00:00:14                           ;
; Timing Analyzer      ; 00:00:16     ; 1.1                     ; 5256 MB             ; 00:00:18                           ;
; EDA Netlist Writer   ; 00:00:04     ; 1.0                     ; 4759 MB             ; 00:00:04                           ;
; Total                ; 00:02:01     ; --                      ; --                  ; 00:03:33                           ;
+----------------------+--------------+-------------------------+---------------------+------------------------------------+


+------------------------------------------------------------------------------------+
; Flow OS Summary                                                                    ;
+----------------------+------------------+------------+------------+----------------+
; Module Name          ; Machine Hostname ; OS Name    ; OS Version ; Processor type ;
+----------------------+------------------+------------+------------+----------------+
; Analysis & Synthesis ; DESKTOP-61QIPN4  ; Windows 10 ; 10.0       ; x86_64         ;
; Fitter               ; DESKTOP-61QIPN4  ; Windows 10 ; 10.0       ; x86_64         ;
; Assembler            ; DESKTOP-61QIPN4  ; Windows 10 ; 10.0       ; x86_64         ;
; Timing Analyzer      ; DESKTOP-61QIPN4  ; Windows 10 ; 10.0       ; x86_64         ;
; EDA Netlist Writer   ; DESKTOP-61QIPN4  ; Windows 10 ; 10.0       ; x86_64         ;
+----------------------+------------------+------------+------------+----------------+


------------
; Flow Log ;
------------
quartus_map --read_settings_files=on --write_settings_files=off EnhancedProcessor -c EnhancedProcessor
quartus_fit --read_settings_files=off --write_settings_files=off EnhancedProcessor -c EnhancedProcessor
quartus_asm --read_settings_files=off --write_settings_files=off EnhancedProcessor -c EnhancedProcessor
quartus_sta EnhancedProcessor -c EnhancedProcessor
quartus_eda --read_settings_files=off --write_settings_files=off EnhancedProcessor -c EnhancedProcessor



